<?xml version="1.0" encoding="UTF-8"?>
<!-- Generated by org.testng.reporters.JUnitReportReporter -->
<testsuite skipped="0" hostname="HY11-5CG9049DSM" name="com.amazon.test.cases.elements_present" tests="1" failures="0" timestamp="2020-02-09T14:02:44 IST" time="1.534" errors="0">
  <testcase name="detect_element_presence" time="1.534" classname="com.amazon.test.cases.elements_present"/>
</testsuite> <!-- com.amazon.test.cases.elements_present -->
