<?xml version="1.0" encoding="UTF-8"?>
<!-- Generated by org.testng.reporters.JUnitReportReporter -->
<testsuite skipped="0" hostname="HY11-5CG9049DSM" name="com.amazon.test.cases.do_sign_up" tests="1" failures="0" timestamp="2020-02-09T03:46:04 IST" time="2.082" errors="0">
  <testcase name="signUp" time="2.082" classname="com.amazon.test.cases.do_sign_up"/>
</testsuite> <!-- com.amazon.test.cases.do_sign_up -->
