<?xml version="1.0" encoding="UTF-8"?>
<!-- Generated by org.testng.reporters.JUnitReportReporter -->
<testsuite skipped="1" hostname="HY11-5CG9049DSM" name="com.amazon.test.cases.do_sign_up" tests="1" failures="0" timestamp="2020-02-13T11:01:53 IST" time="0.187" errors="0">
  <testcase name="signUp" time="0.187" classname="com.amazon.test.cases.do_sign_up">
    <skipped/>
  </testcase> <!-- signUp -->
</testsuite> <!-- com.amazon.test.cases.do_sign_up -->
