<?xml version="1.0" encoding="UTF-8"?>
<!-- Generated by org.testng.reporters.JUnitReportReporter -->
<testsuite skipped="0" hostname="HY11-5CG9049DSM" name="com.amazon.test.cases.do_login" tests="1" failures="0" timestamp="2020-02-13T11:01:53 IST" time="0.906" errors="0">
  <testcase name="login" time="0.906" classname="com.amazon.test.cases.do_login"/>
</testsuite> <!-- com.amazon.test.cases.do_login -->
