<?xml version="1.0" encoding="UTF-8"?>
<!-- Generated by org.testng.reporters.JUnitReportReporter -->
<testsuite skipped="0" hostname="HY11-5CG9049DSM" name="com.amazon.test.cases.elements_present" tests="1" failures="0" timestamp="2020-02-08T21:53:57 IST" time="0.046" errors="0">
  <testcase name="detect_element_presence" time="0.046" classname="com.amazon.test.cases.elements_present"/>
</testsuite> <!-- com.amazon.test.cases.elements_present -->
