<?xml version="1.0" encoding="UTF-8"?>
<!-- Generated by org.testng.reporters.JUnitReportReporter -->
<testsuite skipped="0" hostname="HY11-5CG9049DSM" name="com.amazon.test.cases.do_login" tests="1" failures="0" timestamp="2020-02-14T10:49:37 IST" time="1.630" errors="0">
  <testcase name="login" time="1.630" classname="com.amazon.test.cases.do_login"/>
</testsuite> <!-- com.amazon.test.cases.do_login -->
